21:57:10.169 [main] INFO  Framework_TestNG.Base - 2nd Test data execute
21:57:10.233 [main] INFO  Framework_TestNG.Base - 3rd Test data execute
21:57:10.233 [main] INFO  Framework_TestNG.Base - 4th Test data execute
22:07:50.629 [main] INFO  Framework_TestNG.Base - Driver is initialize of Home PAge
22:08:14.937 [main] INFO  Framework_TestNG.Base - Driver is initialize of Multiple Teat Data
22:08:14.941 [main] INFO  Framework_TestNG.Base - 1st Test data execute
22:08:14.942 [main] INFO  Framework_TestNG.Base - 2nd Test data execute
22:08:14.942 [main] INFO  Framework_TestNG.Base - 3rd Test data execute
22:08:14.942 [main] INFO  Framework_TestNG.Base - 4th Test data execute
22:09:26.364 [main] INFO  Framework_TestNG.Base - Driver is initialize of Home PAge
22:12:05.674 [main] INFO  Framework_TestNG.Base - Driver is initialize of Home PAge
22:15:31.290 [main] INFO  Framework_TestNG.Base - Driver is initialize of Home PAge
22:15:47.715 [main] INFO  Framework_TestNG.Base - Home Page Successfully executeFEATURED COURSES
22:16:39.011 [main] INFO  Framework_TestNG.Base - Driver is initialize of Home PAge
22:16:56.832 [main] INFO  Framework_TestNG.Base - Home Page Successfully executeFEATURED COURSES
22:18:39.090 [main] INFO  Framework_TestNG.Base - Driver is initialize of Home PAge
22:18:54.493 [main] INFO  Framework_TestNG.Base - Home Page Successfully executeFEATURED COURSES
22:19:56.207 [main] INFO  Framework_TestNG.Base - Driver is initialize of Home PAge
22:20:14.208 [main] INFO  Framework_TestNG.Base - Home Page Successfully executeFEATURED COURSES
22:21:04.859 [main] INFO  Framework_TestNG.Base - Driver is initialize of Home PAge
22:21:21.187 [main] INFO  Framework_TestNG.Base - Home Page Successfully executeFEATURED COURSES
22:25:05.594 [main] INFO  Framework_TestNG.Base - Driver is initialize of Home PAge
23:15:12.709 [main] INFO  Framework_TestNG.Base - Driver is initialize of Home PAge
23:15:24.451 [main] INFO  Framework_TestNG.Base - Home Page Successfully executeFEATURED COURSES
