00:56:16.757 [main] INFO  Framework_TestNG.Base - Driver is initialize of Home PAge
00:56:52.181 [main] INFO  Framework_TestNG.Base - Driver is initialize of Home PAge
00:57:41.122 [main] INFO  Framework_TestNG.Base - Driver is initialize of Home PAge
00:57:52.322 [main] INFO  Framework_TestNG.Base - Home Page Successfully executeFEATURED COURSES
00:57:58.404 [main] INFO  Framework_TestNG.Base - Driver is initialize of Multiple Teat Data
00:57:58.408 [main] INFO  Framework_TestNG.Base - 1st Test data execute
00:57:58.408 [main] INFO  Framework_TestNG.Base - 2nd Test data execute
00:57:58.408 [main] INFO  Framework_TestNG.Base - 3rd Test data execute
00:57:58.408 [main] INFO  Framework_TestNG.Base - 4th Test data execute
20:05:37.777 [main] INFO  Framework_TestNG.Base - Driver is initialize of Home PAge
20:19:31.816 [main] INFO  Framework_TestNG.Base - Driver is initialize of Home PAge
20:28:58.366 [main] INFO  Framework_TestNG.Base - Driver is initialize of Home PAge
20:30:38.779 [main] INFO  Framework_TestNG.Base - Driver is initialize of Home PAge
20:30:46.500 [main] INFO  Framework_TestNG.Base - Driver is initialize of Multiple Teat Data
20:30:46.505 [main] INFO  Framework_TestNG.Base - 1st Test data execute
20:30:46.505 [main] INFO  Framework_TestNG.Base - 2nd Test data execute
20:30:46.505 [main] INFO  Framework_TestNG.Base - 3rd Test data execute
20:30:46.506 [main] INFO  Framework_TestNG.Base - 4th Test data execute
20:39:38.478 [main] INFO  Framework_TestNG.Base - Driver is initialize of Home PAge
20:39:46.613 [main] INFO  Framework_TestNG.Base - Driver is initialize of Multiple Teat Data
20:39:46.621 [main] INFO  Framework_TestNG.Base - 1st Test data execute
20:39:46.622 [main] INFO  Framework_TestNG.Base - 2nd Test data execute
20:39:46.622 [main] INFO  Framework_TestNG.Base - 3rd Test data execute
20:39:46.622 [main] INFO  Framework_TestNG.Base - 4th Test data execute
20:42:36.110 [main] INFO  Framework_TestNG.Base - Driver is initialize of Home PAge
