00:10:52.915 [main] INFO  Framework_TestNG.Base - Driver is initialize of Multiple Teat Data
00:10:52.932 [main] INFO  Framework_TestNG.Base - 1st Test data execute
00:10:52.932 [main] INFO  Framework_TestNG.Base - 2nd Test data execute
00:10:52.932 [main] INFO  Framework_TestNG.Base - 3rd Test data execute
00:10:52.932 [main] INFO  Framework_TestNG.Base - 4th Test data execute
00:12:04.456 [main] INFO  Framework_TestNG.Base - Driver is initialize of Home PAge
00:12:54.171 [main] INFO  Framework_TestNG.Base - Driver is initialize of Home PAge
00:13:30.331 [main] INFO  Framework_TestNG.Base - Driver is initialize of Home PAge
00:13:42.386 [main] INFO  Framework_TestNG.Base - Home Page Successfully executeFEATURED COURSES
00:14:38.722 [main] INFO  Framework_TestNG.Base - Driver is initialize of Home PAge
00:14:50.106 [main] INFO  Framework_TestNG.Base - Home Page Successfully executeFEATURED COURSES
00:18:06.569 [main] INFO  Framework_TestNG.Base - Driver is initialize of Home PAge
00:18:17.148 [main] INFO  Framework_TestNG.Base - Home Page Successfully executeFEATURED COURSES
00:18:23.172 [main] INFO  Framework_TestNG.Base - Driver is initialize of Multiple Teat Data
00:18:23.177 [main] INFO  Framework_TestNG.Base - 1st Test data execute
00:18:23.177 [main] INFO  Framework_TestNG.Base - 2nd Test data execute
00:18:23.177 [main] INFO  Framework_TestNG.Base - 3rd Test data execute
00:18:23.177 [main] INFO  Framework_TestNG.Base - 4th Test data execute
00:19:38.168 [main] INFO  Framework_TestNG.Base - Driver is initialize of Home PAge
00:33:50.734 [main] INFO  Framework_TestNG.Base - Driver is initialize of Home PAge
00:37:25.394 [main] INFO  Framework_TestNG.Base - Driver is initialize of Home PAge
00:43:07.573 [main] INFO  Framework_TestNG.Base - Driver is initialize of Home PAge
00:43:52.364 [main] INFO  Framework_TestNG.Base - Driver is initialize of Home PAge
00:51:30.337 [main] INFO  Framework_TestNG.Base - Driver is initialize of Home PAge
