20:42:48.417 [main] INFO  Framework_TestNG.Base - Driver is initialize of Multiple Teat Data
20:42:48.504 [main] INFO  Framework_TestNG.Base - 1st Test data execute
20:42:48.505 [main] INFO  Framework_TestNG.Base - 2nd Test data execute
21:23:06.713 [main] INFO  Framework_TestNG.Base - Driver is initialize of Home PAge
21:23:19.036 [main] INFO  Framework_TestNG.Base - Driver is initialize of Multiple Teat Data
21:23:19.043 [main] INFO  Framework_TestNG.Base - 1st Test data execute
21:23:19.043 [main] INFO  Framework_TestNG.Base - 2nd Test data execute
21:39:26.775 [main] INFO  Framework_TestNG.Base - Driver is initialize of Home PAge
21:39:40.722 [main] INFO  Framework_TestNG.Base - Home Page Successfully executeFEATURED COURSES
21:39:51.574 [main] INFO  Framework_TestNG.Base - Driver is initialize of Multiple Teat Data
21:39:51.590 [main] INFO  Framework_TestNG.Base - 1st Test data execute
21:39:51.591 [main] INFO  Framework_TestNG.Base - 2nd Test data execute
00:21:06.357 [main] INFO  Framework_TestNG.Base - Driver is initialize of Home PAge
00:21:20.099 [main] INFO  Framework_TestNG.Base - Home Page Successfully executeFEATURED COURSES
00:21:26.455 [main] INFO  Framework_TestNG.Base - Driver is initialize of Multiple Teat Data
00:21:26.456 [main] INFO  Framework_TestNG.Base - 1st Test data execute
00:21:26.456 [main] INFO  Framework_TestNG.Base - 2nd Test data execute
23:03:18.377 [main] INFO  Framework_TestNG.Base - Driver is initialize of Home PAge
23:03:33.771 [main] INFO  Framework_TestNG.Base - Home Page Successfully executeFEATURED COURSES
23:05:19.480 [main] INFO  Framework_TestNG.Base - Driver is initialize of Home PAge
23:05:47.759 [main] INFO  Framework_TestNG.Base - Driver is initialize of Home PAge
23:08:07.366 [main] INFO  Framework_TestNG.Base - Driver is initialize of Home PAge
23:08:21.004 [main] INFO  Framework_TestNG.Base - Home Page Successfully executeFEATURED COURSES
